[06/03/23 13:13:24] [INFO] BeamMP Server v3.1.1
[06/03/23 13:13:24] [INFO] Sentry started! Reporting errors automatically. This sends data to the developers in case of errors and crashes. You can learn more, turn this message off or opt-out of this in the ServerConfig.toml.
[06/03/23 13:13:24] [INFO] Vehicle data network online on port 30814 with a Max of 8 Clients
[06/03/23 13:13:24] [INFO] Vehicle event network online
[06/03/23 13:13:24] [INFO] Server up-to-date!
[06/03/23 13:13:24] [INFO] PluginMonitor started
[06/03/23 13:13:30] [INFO] ALL SYSTEMS STARTED SUCCESSFULLY, EVERYTHING IS OKAY
[06/03/23 13:13:41] [INFO] Identifying new ClientConnection...
[06/03/23 13:13:41] [INFO] Identification success
[06/03/23 13:13:41] [INFO] Client connected
[06/03/23 13:13:41] [INFO] Assigned ID 0 to YoloWeirdo
[06/03/23 13:13:41] [INFO] YoloWeirdo : Connected
[06/03/23 13:13:51] [INFO] YoloWeirdo is now synced!
[06/03/23 13:14:45] [CHAT] <Server> (to "YoloWeirdo")You're going too fast! Slow down!
[06/03/23 13:14:46] [CHAT] <Server> (to "YoloWeirdo")You're going too fast! Slow down!
[06/03/23 13:14:47] [CHAT] <Server> (to "YoloWeirdo")You're going too fast! Slow down!
[06/03/23 13:14:48] [CHAT] <Server> (to "YoloWeirdo")You're going too fast! Slow down!
[06/03/23 13:14:49] [CHAT] <Server> (to "YoloWeirdo")You're going too fast! Slow down!
[06/03/23 13:14:50] [CHAT] <Server> (to "YoloWeirdo")You're going too fast! Slow down!
[06/03/23 13:14:51] [CHAT] <Server> (to "YoloWeirdo")You're going too fast! Slow down!
[06/03/23 13:18:27] [INFO] File "Resources\Server\FlyDetector\main.lua" changed, reloading
[06/03/23 13:18:28] [LUA] 0	
[06/03/23 13:18:28] [LUA] 0	
[06/03/23 13:18:28] [LUA] 0	
[06/03/23 13:18:28] [LUA] 0	
[06/03/23 13:18:29] [LUA] 0	
[06/03/23 13:18:29] [LUA] 0	
[06/03/23 13:18:29] [LUA] 0	
[06/03/23 13:18:29] [LUA] 0	
[06/03/23 13:18:30] [LUA] 0	
[06/03/23 13:18:30] [LUA] 0	
[06/03/23 13:18:30] [LUA] 0	
[06/03/23 13:18:30] [LUA] 0	
[06/03/23 13:18:31] [LUA] 0	
[06/03/23 13:18:31] [LUA] 0	
[06/03/23 13:18:32] [LUA] 0	
[06/03/23 13:18:32] [LUA] 0	
[06/03/23 13:18:32] [LUA] 0	
[06/03/23 13:18:32] [LUA] 0	
[06/03/23 13:18:33] [LUA] 0	
[06/03/23 13:18:33] [LUA] 0	
[06/03/23 13:18:33] [LUA] 0	
[06/03/23 13:18:33] [LUA] 0	
[06/03/23 13:18:34] [LUA] 0	
[06/03/23 13:18:34] [LUA] 0	
[06/03/23 13:18:34] [LUA] 0	
[06/03/23 13:18:34] [LUA] 0	
[06/03/23 13:18:35] [LUA] 0	
[06/03/23 13:18:35] [LUA] 0	
[06/03/23 13:18:35] [LUA] 0	
[06/03/23 13:18:35] [LUA] 7	
[06/03/23 13:18:36] [LUA] 0	
[06/03/23 13:18:36] [LUA] 14	
[06/03/23 13:18:36] [LUA] 0	
[06/03/23 13:18:36] [LUA] 21	
[06/03/23 13:18:37] [LUA] 0	
[06/03/23 13:18:37] [LUA] 29	
[06/03/23 13:18:37] [LUA] 0	
[06/03/23 13:18:37] [LUA] 36	
[06/03/23 13:18:38] [LUA] 0	
[06/03/23 13:18:38] [LUA] 41	
[06/03/23 13:18:38] [LUA] 0	
[06/03/23 13:18:38] [LUA] 48	
[06/03/23 13:18:39] [LUA] 0	
[06/03/23 13:18:39] [LUA] 55	
[06/03/23 13:18:39] [LUA] 0	
[06/03/23 13:18:39] [LUA] 60	
[06/03/23 13:18:40] [LUA] 0	
[06/03/23 13:18:40] [LUA] 67	
[06/03/23 13:18:40] [LUA] 0	
[06/03/23 13:18:40] [LUA] 73	
[06/03/23 13:18:41] [LUA] 0	
[06/03/23 13:18:41] [LUA] 80	
[06/03/23 13:18:41] [LUA] 0	
[06/03/23 13:18:41] [LUA] 86	
[06/03/23 13:18:42] [LUA] 0	
[06/03/23 13:18:42] [LUA] 89	
[06/03/23 13:18:42] [LUA] 0	
[06/03/23 13:18:42] [LUA] 94	
[06/03/23 13:18:43] [LUA] 0	
[06/03/23 13:18:43] [LUA] 99	
[06/03/23 13:18:43] [LUA] 0	
[06/03/23 13:18:43] [LUA] 103	
[06/03/23 13:18:44] [LUA] 0	
[06/03/23 13:18:44] [LUA] 108	
[06/03/23 13:18:44] [LUA] 0	
[06/03/23 13:18:44] [LUA] 112	
[06/03/23 13:18:45] [LUA] 0	
[06/03/23 13:18:45] [LUA] 115	
[06/03/23 13:18:45] [LUA] 0	
[06/03/23 13:18:45] [LUA] 118	
[06/03/23 13:18:46] [LUA] 0	
[06/03/23 13:18:46] [LUA] 121	
[06/03/23 13:18:46] [LUA] 0	
[06/03/23 13:18:46] [LUA] 124	
[06/03/23 13:18:47] [LUA] 0	
[06/03/23 13:18:47] [LUA] 128	
[06/03/23 13:18:47] [LUA] 0	
[06/03/23 13:18:47] [LUA] 131	
[06/03/23 13:18:48] [LUA] 0	
[06/03/23 13:18:48] [LUA] 134	
[06/03/23 13:18:48] [LUA] 0	
[06/03/23 13:18:48] [LUA] 137	
[06/03/23 13:18:49] [LUA] 0	
[06/03/23 13:18:49] [LUA] 140	
[06/03/23 13:18:49] [LUA] 0	
[06/03/23 13:18:49] [LUA] 142	
[06/03/23 13:18:50] [LUA] 0	
[06/03/23 13:18:50] [LUA] 145	
[06/03/23 13:18:50] [LUA] 0	
[06/03/23 13:18:50] [LUA] 148	
[06/03/23 13:18:51] [LUA] 0	
[06/03/23 13:18:51] [LUA] 150	
[06/03/23 13:18:51] [LUA] 0	
[06/03/23 13:18:51] [LUA] 151	
[06/03/23 13:18:51] [CHAT] <Server> (to "YoloWeirdo")You're going too fast! Slow down!
[06/03/23 13:18:52] [LUA] 0	
[06/03/23 13:18:52] [LUA] 153	
[06/03/23 13:18:52] [CHAT] <Server> (to "YoloWeirdo")You're going too fast! Slow down!
[06/03/23 13:18:52] [LUA] 0	
[06/03/23 13:18:52] [LUA] 154	
[06/03/23 13:18:52] [CHAT] <Server> (to "YoloWeirdo")You're going too fast! Slow down!
[06/03/23 13:18:53] [LUA] 0	
[06/03/23 13:18:53] [LUA] 156	
[06/03/23 13:18:53] [CHAT] <Server> (to "YoloWeirdo")You're going too fast! Slow down!
[06/03/23 13:18:53] [LUA] 0	
[06/03/23 13:18:53] [LUA] 158	
[06/03/23 13:18:53] [CHAT] <Server> (to "YoloWeirdo")You're going too fast! Slow down!
[06/03/23 13:18:54] [LUA] 0	
[06/03/23 13:18:54] [LUA] 160	
[06/03/23 13:18:54] [CHAT] <Server> (to "YoloWeirdo")You're going too fast! Slow down!
[06/03/23 13:18:54] [LUA] 0	
[06/03/23 13:18:54] [LUA] 161	
[06/03/23 13:18:54] [CHAT] <Server> (to "YoloWeirdo")You're going too fast! Slow down!
[06/03/23 13:18:55] [LUA] 0	
[06/03/23 13:18:55] [LUA] 163	
[06/03/23 13:18:55] [CHAT] <Server> (to "YoloWeirdo")You're going too fast! Slow down!
[06/03/23 13:18:55] [LUA] 0	
[06/03/23 13:18:55] [LUA] 165	
[06/03/23 13:18:55] [CHAT] <Server> (to "YoloWeirdo")You're going too fast! Slow down!
[06/03/23 13:18:56] [LUA] 0	
[06/03/23 13:18:56] [LUA] 166	
[06/03/23 13:18:56] [CHAT] <Server> (to "YoloWeirdo")You're going too fast! Slow down!
[06/03/23 13:18:56] [LUA] 0	
[06/03/23 13:18:56] [LUA] 168	
[06/03/23 13:18:56] [CHAT] <Server> (to "YoloWeirdo")You're going too fast! Slow down!
[06/03/23 13:18:57] [LUA] 0	
[06/03/23 13:18:57] [LUA] 0	
[06/03/23 13:18:57] [LUA] 0	
[06/03/23 13:18:57] [LUA] 0	
[06/03/23 13:18:58] [LUA] 0	
[06/03/23 13:18:58] [LUA] 0	
[06/03/23 13:18:58] [LUA] 0	
[06/03/23 13:18:58] [LUA] 0	
[06/03/23 13:18:59] [LUA] 0	
[06/03/23 13:18:59] [LUA] 0	
[06/03/23 13:18:59] [LUA] 0	
[06/03/23 13:18:59] [LUA] 0	
[06/03/23 13:19:00] [LUA] 0	
[06/03/23 13:19:00] [LUA] 0	
[06/03/23 13:19:00] [LUA] 0	
[06/03/23 13:19:00] [LUA] 0	
[06/03/23 13:19:01] [LUA] 0	
[06/03/23 13:19:01] [LUA] 0	
[06/03/23 13:19:01] [LUA] 0	
[06/03/23 13:19:01] [LUA] 0	
[06/03/23 13:19:02] [LUA] 0	
[06/03/23 13:19:02] [LUA] 0	
[06/03/23 13:19:02] [LUA] 0	
[06/03/23 13:19:02] [LUA] 0	
[06/03/23 13:19:03] [LUA] 0	
[06/03/23 13:19:03] [LUA] 0	
[06/03/23 13:19:03] [LUA] 0	
[06/03/23 13:19:03] [LUA] 0	
[06/03/23 13:19:04] [LUA] 0	
[06/03/23 13:19:04] [LUA] 0	
[06/03/23 13:19:04] [LUA] 0	
[06/03/23 13:19:04] [LUA] 0	
[06/03/23 13:19:05] [LUA] 0	
[06/03/23 13:19:05] [LUA] 0	
[06/03/23 13:19:05] [LUA] 0	
[06/03/23 13:19:05] [LUA] 0	
[06/03/23 13:19:06] [LUA] 0	
[06/03/23 13:19:06] [LUA] 0	
[06/03/23 13:19:06] [LUA] 0	
[06/03/23 13:19:06] [LUA] 0	
[06/03/23 13:19:07] [LUA] 0	
[06/03/23 13:19:07] [LUA] 0	
[06/03/23 13:19:07] [LUA] 0	
[06/03/23 13:19:07] [LUA] 0	
[06/03/23 13:19:08] [LUA] 0	
[06/03/23 13:19:08] [LUA] 0	
[06/03/23 13:19:08] [LUA] 0	
[06/03/23 13:19:08] [LUA] 0	
[06/03/23 13:19:09] [LUA] 0	
[06/03/23 13:19:09] [LUA] 0	
[06/03/23 13:19:09] [LUA] 0	
[06/03/23 13:19:09] [LUA] 0	
[06/03/23 13:19:10] [LUA] 0	
[06/03/23 13:19:10] [LUA] 0	
[06/03/23 13:19:10] [LUA] 0	
[06/03/23 13:19:10] [LUA] 0	
[06/03/23 13:19:11] [LUA] 0	
[06/03/23 13:19:11] [LUA] 0	
[06/03/23 13:19:11] [LUA] 0	
[06/03/23 13:19:11] [LUA] 0	
[06/03/23 13:19:12] [LUA] 0	
[06/03/23 13:19:12] [LUA] 0	
[06/03/23 13:19:12] [LUA] 0	
[06/03/23 13:19:12] [LUA] 0	
[06/03/23 13:19:13] [LUA] 0	
[06/03/23 13:19:13] [LUA] 0	
[06/03/23 13:19:13] [LUA] 0	
[06/03/23 13:19:13] [LUA] 0	
[06/03/23 13:19:14] [LUA] 0	
[06/03/23 13:19:14] [LUA] 0	
[06/03/23 13:19:14] [LUA] 0	
[06/03/23 13:19:14] [LUA] 0	
[06/03/23 13:19:15] [LUA] 0	
[06/03/23 13:19:15] [LUA] 0	
[06/03/23 13:19:15] [LUA] 0	
[06/03/23 13:19:15] [LUA] 0	
[06/03/23 13:19:16] [LUA] 0	
[06/03/23 13:19:16] [LUA] 0	
[06/03/23 13:19:16] [LUA] 0	
[06/03/23 13:19:16] [LUA] 0	
[06/03/23 13:19:17] [LUA] 0	
[06/03/23 13:19:17] [LUA] 0	
[06/03/23 13:19:17] [LUA] 0	
[06/03/23 13:19:17] [LUA] 0	
[06/03/23 13:19:18] [LUA] 0	
[06/03/23 13:19:18] [LUA] 0	
[06/03/23 13:19:18] [LUA] 0	
[06/03/23 13:19:18] [LUA] 0	
[06/03/23 13:19:19] [LUA] 0	
[06/03/23 13:19:19] [LUA] 0	
[06/03/23 13:19:19] [LUA] 0	
[06/03/23 13:19:19] [LUA] 0	
[06/03/23 13:19:20] [LUA] 0	
[06/03/23 13:19:20] [LUA] 0	
[06/03/23 13:19:20] [LUA] 0	
[06/03/23 13:19:20] [LUA] 0	
[06/03/23 13:19:21] [LUA] 0	
[06/03/23 13:19:21] [LUA] 0	
[06/03/23 13:19:21] [LUA] 0	
[06/03/23 13:19:21] [LUA] 0	
[06/03/23 13:19:22] [LUA] 0	
[06/03/23 13:19:22] [LUA] 0	
[06/03/23 13:19:22] [LUA] 0	
[06/03/23 13:19:22] [LUA] 0	
[06/03/23 13:19:23] [LUA] 0	
[06/03/23 13:19:23] [LUA] 0	
[06/03/23 13:19:23] [LUA] 0	
[06/03/23 13:19:23] [LUA] 0	
[06/03/23 13:19:24] [LUA] 0	
[06/03/23 13:19:24] [LUA] 0	
[06/03/23 13:19:24] [LUA] 0	
[06/03/23 13:19:24] [LUA] 2	
[06/03/23 13:19:25] [LUA] 0	
[06/03/23 13:19:25] [LUA] 9	
[06/03/23 13:19:25] [LUA] 0	
[06/03/23 13:19:25] [LUA] 16	
[06/03/23 13:19:26] [LUA] 0	
[06/03/23 13:19:26] [LUA] 24	
[06/03/23 13:19:26] [LUA] 0	
[06/03/23 13:19:26] [LUA] 31	
[06/03/23 13:19:27] [LUA] 0	
[06/03/23 13:19:27] [LUA] 36	
[06/03/23 13:19:27] [LUA] 0	
[06/03/23 13:19:27] [LUA] 43	
[06/03/23 13:19:28] [LUA] 0	
[06/03/23 13:19:28] [LUA] 50	
[06/03/23 13:19:28] [LUA] 0	
[06/03/23 13:19:28] [LUA] 57	
[06/03/23 13:19:29] [LUA] 0	
[06/03/23 13:19:29] [LUA] 62	
[06/03/23 13:19:29] [LUA] 0	
[06/03/23 13:19:29] [LUA] 68	
[06/03/23 13:19:30] [LUA] 0	
[06/03/23 13:19:30] [LUA] 75	
[06/03/23 13:19:30] [LUA] 0	
[06/03/23 13:19:30] [LUA] 81	
[06/03/23 13:19:31] [LUA] 0	
[06/03/23 13:19:31] [LUA] 87	
[06/03/23 13:19:31] [LUA] 0	
[06/03/23 13:19:31] [LUA] 90	
[06/03/23 13:19:32] [LUA] 0	
[06/03/23 13:19:32] [LUA] 95	
[06/03/23 13:19:32] [LUA] 0	
[06/03/23 13:19:32] [LUA] 100	
[06/03/23 13:19:33] [LUA] 0	
[06/03/23 13:19:33] [LUA] 105	
[06/03/23 13:19:33] [LUA] 0	
[06/03/23 13:19:33] [LUA] 109	
[06/03/23 13:19:34] [LUA] 0	
[06/03/23 13:19:34] [LUA] 113	
[06/03/23 13:19:34] [LUA] 0	
[06/03/23 13:19:34] [LUA] 115	
[06/03/23 13:19:35] [LUA] 0	
[06/03/23 13:19:35] [LUA] 118	
[06/03/23 13:19:35] [LUA] 0	
[06/03/23 13:19:35] [LUA] 122	
[06/03/23 13:19:36] [LUA] 0	
[06/03/23 13:19:36] [LUA] 125	
[06/03/23 13:19:36] [LUA] 0	
[06/03/23 13:19:36] [LUA] 128	
[06/03/23 13:19:37] [LUA] 0	
[06/03/23 13:19:37] [LUA] 132	
[06/03/23 13:19:37] [LUA] 0	
[06/03/23 13:19:37] [LUA] 135	
[06/03/23 13:19:38] [LUA] 0	
[06/03/23 13:19:38] [LUA] 138	
[06/03/23 13:19:38] [LUA] 0	
[06/03/23 13:19:38] [LUA] 140	
[06/03/23 13:19:39] [LUA] 0	
[06/03/23 13:19:39] [LUA] 143	
[06/03/23 13:19:39] [LUA] 0	
[06/03/23 13:19:39] [LUA] 146	
[06/03/23 13:19:40] [LUA] 0	
[06/03/23 13:19:40] [LUA] 148	
[06/03/23 13:19:40] [LUA] 0	
[06/03/23 13:19:40] [LUA] 150	
[06/03/23 13:19:41] [LUA] 0	
[06/03/23 13:19:41] [LUA] 151	
[06/03/23 13:19:41] [CHAT] <Server> (to "YoloWeirdo")You're going too fast! Slow down!
[06/03/23 13:19:41] [LUA] 0	
[06/03/23 13:19:41] [LUA] 153	
[06/03/23 13:19:41] [CHAT] <Server> (to "YoloWeirdo")You're going too fast! Slow down!
[06/03/23 13:19:42] [LUA] 0	
[06/03/23 13:19:42] [LUA] 155	
[06/03/23 13:19:42] [CHAT] <Server> (to "YoloWeirdo")You're going too fast! Slow down!
[06/03/23 13:19:42] [LUA] 0	
[06/03/23 13:19:42] [LUA] 157	
[06/03/23 13:19:42] [CHAT] <Server> (to "YoloWeirdo")You're going too fast! Slow down!
[06/03/23 13:19:43] [LUA] 0	
[06/03/23 13:19:43] [LUA] 158	
[06/03/23 13:19:43] [CHAT] <Server> (to "YoloWeirdo")You're going too fast! Slow down!
[06/03/23 13:19:43] [LUA] 0	
[06/03/23 13:19:43] [LUA] 160	
[06/03/23 13:19:43] [CHAT] <Server> (to "YoloWeirdo")You're going too fast! Slow down!
[06/03/23 13:19:44] [LUA] 0	
[06/03/23 13:19:44] [LUA] 162	
[06/03/23 13:19:44] [CHAT] <Server> (to "YoloWeirdo")You're going too fast! Slow down!
[06/03/23 13:19:44] [LUA] 0	
[06/03/23 13:19:44] [LUA] 163	
[06/03/23 13:19:44] [CHAT] <Server> (to "YoloWeirdo")You're going too fast! Slow down!
[06/03/23 13:19:45] [LUA] 0	
[06/03/23 13:19:45] [LUA] 165	
[06/03/23 13:19:45] [CHAT] <Server> (to "YoloWeirdo")You're going too fast! Slow down!
[06/03/23 13:19:45] [LUA] 0	
[06/03/23 13:19:45] [LUA] 166	
[06/03/23 13:19:45] [CHAT] <Server> (to "YoloWeirdo")You're going too fast! Slow down!
[06/03/23 13:19:46] [LUA] 0	
[06/03/23 13:19:46] [LUA] 168	
[06/03/23 13:19:46] [CHAT] <Server> (to "YoloWeirdo")You're going too fast! Slow down!
[06/03/23 13:19:46] [LUA] 0	
[06/03/23 13:19:46] [LUA] 169	
[06/03/23 13:19:46] [CHAT] <Server> (to "YoloWeirdo")You're going too fast! Slow down!
[06/03/23 13:19:47] [LUA] 0	
[06/03/23 13:19:47] [LUA] 171	
[06/03/23 13:19:47] [CHAT] <Server> (to "YoloWeirdo")You're going too fast! Slow down!
[06/03/23 13:19:47] [LUA] 0	
[06/03/23 13:19:47] [LUA] 172	
[06/03/23 13:19:47] [CHAT] <Server> (to "YoloWeirdo")You're going too fast! Slow down!
[06/03/23 13:19:48] [LUA] 0	
[06/03/23 13:19:48] [LUA] 173	
[06/03/23 13:19:48] [CHAT] <Server> (to "YoloWeirdo")You're going too fast! Slow down!
[06/03/23 13:19:48] [LUA] 0	
[06/03/23 13:19:48] [LUA] 175	
[06/03/23 13:19:48] [CHAT] <Server> (to "YoloWeirdo")You're going too fast! Slow down!
[06/03/23 13:19:49] [LUA] 0	
[06/03/23 13:19:49] [LUA] 176	
[06/03/23 13:19:49] [CHAT] <Server> (to "YoloWeirdo")You're going too fast! Slow down!
[06/03/23 13:19:49] [LUA] 0	
[06/03/23 13:19:49] [LUA] 177	
[06/03/23 13:19:49] [CHAT] <Server> (to "YoloWeirdo")You're going too fast! Slow down!
[06/03/23 13:19:50] [LUA] 0	
[06/03/23 13:19:50] [LUA] 178	
[06/03/23 13:19:50] [CHAT] <Server> (to "YoloWeirdo")You're going too fast! Slow down!
[06/03/23 13:19:50] [LUA] 0	
[06/03/23 13:19:50] [LUA] 179	
[06/03/23 13:19:50] [CHAT] <Server> (to "YoloWeirdo")You're going too fast! Slow down!
[06/03/23 13:19:51] [LUA] 0	
[06/03/23 13:19:51] [LUA] 181	
[06/03/23 13:19:51] [CHAT] <Server> (to "YoloWeirdo")You're going too fast! Slow down!
[06/03/23 13:19:51] [LUA] 0	
[06/03/23 13:19:51] [LUA] 182	
[06/03/23 13:19:51] [CHAT] <Server> (to "YoloWeirdo")You're going too fast! Slow down!
[06/03/23 13:19:52] [LUA] 0	
[06/03/23 13:19:52] [LUA] 183	
[06/03/23 13:19:52] [CHAT] <Server> (to "YoloWeirdo")You're going too fast! Slow down!
[06/03/23 13:19:52] [LUA] 0	
[06/03/23 13:19:52] [LUA] 184	
[06/03/23 13:19:52] [CHAT] <Server> (to "YoloWeirdo")You're going too fast! Slow down!
[06/03/23 13:19:53] [LUA] 0	
[06/03/23 13:19:53] [LUA] 184	
[06/03/23 13:19:53] [CHAT] <Server> (to "YoloWeirdo")You're going too fast! Slow down!
[06/03/23 13:19:53] [LUA] 0	
[06/03/23 13:19:53] [LUA] 185	
[06/03/23 13:19:53] [CHAT] <Server> (to "YoloWeirdo")You're going too fast! Slow down!
[06/03/23 13:19:54] [LUA] 0	
[06/03/23 13:19:54] [LUA] 186	
[06/03/23 13:19:54] [CHAT] <Server> (to "YoloWeirdo")You're going too fast! Slow down!
[06/03/23 13:19:54] [LUA] 0	
[06/03/23 13:19:54] [LUA] 187	
[06/03/23 13:19:54] [CHAT] <Server> (to "YoloWeirdo")You're going too fast! Slow down!
[06/03/23 13:19:55] [LUA] 0	
[06/03/23 13:19:55] [LUA] 188	
[06/03/23 13:19:55] [CHAT] <Server> (to "YoloWeirdo")You're going too fast! Slow down!
[06/03/23 13:19:55] [LUA] 0	
[06/03/23 13:19:55] [LUA] 189	
[06/03/23 13:19:55] [CHAT] <Server> (to "YoloWeirdo")You're going too fast! Slow down!
[06/03/23 13:19:56] [LUA] 0	
[06/03/23 13:19:56] [LUA] 189	
[06/03/23 13:19:56] [CHAT] <Server> (to "YoloWeirdo")You're going too fast! Slow down!
[06/03/23 13:19:56] [LUA] 0	
[06/03/23 13:19:56] [LUA] 190	
[06/03/23 13:19:56] [CHAT] <Server> (to "YoloWeirdo")You're going too fast! Slow down!
[06/03/23 13:19:57] [LUA] 0	
[06/03/23 13:19:57] [LUA] 191	
[06/03/23 13:19:57] [CHAT] <Server> (to "YoloWeirdo")You're going too fast! Slow down!
[06/03/23 13:19:57] [LUA] 0	
[06/03/23 13:19:57] [LUA] 191	
[06/03/23 13:19:57] [CHAT] <Server> (to "YoloWeirdo")You're going too fast! Slow down!
[06/03/23 13:19:58] [LUA] 0	
[06/03/23 13:19:58] [LUA] 192	
[06/03/23 13:19:58] [CHAT] <Server> (to "YoloWeirdo")You're going too fast! Slow down!
[06/03/23 13:19:58] [LUA] 0	
[06/03/23 13:19:58] [LUA] 192	
[06/03/23 13:19:58] [CHAT] <Server> (to "YoloWeirdo")You're going too fast! Slow down!
[06/03/23 13:19:59] [LUA] 0	
[06/03/23 13:19:59] [LUA] 193	
[06/03/23 13:19:59] [CHAT] <Server> (to "YoloWeirdo")You're going too fast! Slow down!
[06/03/23 13:19:59] [LUA] 0	
[06/03/23 13:19:59] [LUA] 194	
[06/03/23 13:19:59] [CHAT] <Server> (to "YoloWeirdo")You're going too fast! Slow down!
[06/03/23 13:20:00] [LUA] 0	
[06/03/23 13:20:00] [LUA] 194	
[06/03/23 13:20:00] [CHAT] <Server> (to "YoloWeirdo")You're going too fast! Slow down!
[06/03/23 13:20:00] [LUA] 0	
[06/03/23 13:20:00] [LUA] 193	
[06/03/23 13:20:00] [CHAT] <Server> (to "YoloWeirdo")You're going too fast! Slow down!
[06/03/23 13:20:01] [LUA] 0	
[06/03/23 13:20:01] [LUA] 194	
[06/03/23 13:20:01] [CHAT] <Server> (to "YoloWeirdo")You're going too fast! Slow down!
[06/03/23 13:20:01] [LUA] 0	
[06/03/23 13:20:01] [LUA] 194	
[06/03/23 13:20:01] [CHAT] <Server> (to "YoloWeirdo")You're going too fast! Slow down!
[06/03/23 13:20:02] [LUA] 0	
[06/03/23 13:20:02] [LUA] 194	
[06/03/23 13:20:02] [CHAT] <Server> (to "YoloWeirdo")You're going too fast! Slow down!
[06/03/23 13:20:02] [LUA] 0	
[06/03/23 13:20:02] [LUA] 195	
[06/03/23 13:20:02] [CHAT] <Server> (to "YoloWeirdo")You're going too fast! Slow down!
[06/03/23 13:20:03] [LUA] 0	
[06/03/23 13:20:03] [LUA] 195	
[06/03/23 13:20:03] [CHAT] <Server> (to "YoloWeirdo")You're going too fast! Slow down!
[06/03/23 13:20:03] [LUA] 0	
[06/03/23 13:20:03] [LUA] 195	
[06/03/23 13:20:03] [CHAT] <Server> (to "YoloWeirdo")You're going too fast! Slow down!
[06/03/23 13:20:04] [LUA] 0	
[06/03/23 13:20:04] [LUA] 196	
[06/03/23 13:20:04] [CHAT] <Server> (to "YoloWeirdo")You're going too fast! Slow down!
[06/03/23 13:20:04] [LUA] 0	
[06/03/23 13:20:04] [LUA] 196	
[06/03/23 13:20:04] [CHAT] <Server> (to "YoloWeirdo")You're going too fast! Slow down!
[06/03/23 13:20:05] [LUA] 0	
[06/03/23 13:20:05] [LUA] 196	
[06/03/23 13:20:05] [CHAT] <Server> (to "YoloWeirdo")You're going too fast! Slow down!
[06/03/23 13:20:05] [LUA] 0	
[06/03/23 13:20:05] [LUA] 197	
[06/03/23 13:20:05] [CHAT] <Server> (to "YoloWeirdo")You're going too fast! Slow down!
[06/03/23 13:20:06] [LUA] 0	
[06/03/23 13:20:06] [LUA] 197	
[06/03/23 13:20:06] [CHAT] <Server> (to "YoloWeirdo")You're going too fast! Slow down!
[06/03/23 13:20:06] [LUA] 0	
[06/03/23 13:20:06] [LUA] 197	
[06/03/23 13:20:06] [CHAT] <Server> (to "YoloWeirdo")You're going too fast! Slow down!
[06/03/23 13:20:07] [LUA] 0	
[06/03/23 13:20:07] [LUA] 198	
[06/03/23 13:20:07] [CHAT] <Server> (to "YoloWeirdo")You're going too fast! Slow down!
[06/03/23 13:20:07] [LUA] 0	
[06/03/23 13:20:07] [LUA] 198	
[06/03/23 13:20:07] [CHAT] <Server> (to "YoloWeirdo")You're going too fast! Slow down!
[06/03/23 13:20:08] [LUA] 0	
[06/03/23 13:20:08] [LUA] 198	
[06/03/23 13:20:08] [CHAT] <Server> (to "YoloWeirdo")You're going too fast! Slow down!
[06/03/23 13:20:08] [LUA] 0	
[06/03/23 13:20:08] [LUA] 198	
[06/03/23 13:20:08] [CHAT] <Server> (to "YoloWeirdo")You're going too fast! Slow down!
[06/03/23 13:20:09] [LUA] 0	
[06/03/23 13:20:09] [LUA] 199	
[06/03/23 13:20:09] [CHAT] <Server> (to "YoloWeirdo")You're going too fast! Slow down!
[06/03/23 13:20:09] [LUA] 0	
[06/03/23 13:20:09] [LUA] 199	
[06/03/23 13:20:09] [CHAT] <Server> (to "YoloWeirdo")You're going too fast! Slow down!
[06/03/23 13:20:10] [LUA] 0	
[06/03/23 13:20:10] [LUA] 199	
[06/03/23 13:20:10] [CHAT] <Server> (to "YoloWeirdo")You're going too fast! Slow down!
[06/03/23 13:20:10] [LUA] 0	
[06/03/23 13:20:10] [LUA] 199	
[06/03/23 13:20:10] [CHAT] <Server> (to "YoloWeirdo")You're going too fast! Slow down!
[06/03/23 13:20:11] [LUA] 0	
[06/03/23 13:20:11] [LUA] 199	
[06/03/23 13:20:11] [CHAT] <Server> (to "YoloWeirdo")You're going too fast! Slow down!
[06/03/23 13:20:11] [LUA] 0	
[06/03/23 13:20:11] [LUA] 200	
[06/03/23 13:20:11] [CHAT] <Server> (to "YoloWeirdo")You're going too fast! Slow down!
[06/03/23 13:20:12] [LUA] 0	
[06/03/23 13:20:12] [LUA] 200	
[06/03/23 13:20:12] [CHAT] <Server> (to "YoloWeirdo")You're going too fast! Slow down!
[06/03/23 13:20:12] [LUA] 0	
[06/03/23 13:20:12] [LUA] 200	
[06/03/23 13:20:12] [CHAT] <Server> (to "YoloWeirdo")You're going too fast! Slow down!
[06/03/23 13:20:13] [LUA] 0	
[06/03/23 13:20:13] [LUA] 200	
[06/03/23 13:20:13] [CHAT] <Server> (to "YoloWeirdo")You're going too fast! Slow down!
[06/03/23 13:20:13] [LUA] 0	
[06/03/23 13:20:13] [LUA] 200	
[06/03/23 13:20:13] [CHAT] <Server> (to "YoloWeirdo")You're going too fast! Slow down!
[06/03/23 13:20:14] [LUA] 0	
[06/03/23 13:20:14] [LUA] 201	
[06/03/23 13:20:14] [INFO] Client kicked: You were kicked for going too fast!
[06/03/23 13:20:14] [INFO] YoloWeirdo Connection Terminated
[06/03/23 13:21:48] [INFO] Identifying new ClientConnection...
[06/03/23 13:21:48] [INFO] Identification success
[06/03/23 13:21:48] [INFO] Client connected
[06/03/23 13:21:48] [INFO] Assigned ID 0 to YoloWeirdo
[06/03/23 13:21:48] [INFO] YoloWeirdo : Connected
[06/03/23 13:21:57] [INFO] YoloWeirdo is now synced!
[06/03/23 13:22:11] [LUA] 0	
[06/03/23 13:22:12] [LUA] 0	
[06/03/23 13:22:12] [LUA] 0	
[06/03/23 13:22:13] [LUA] 0	
[06/03/23 13:22:13] [LUA] 0	
[06/03/23 13:22:14] [LUA] 0	
[06/03/23 13:22:14] [LUA] 0	
[06/03/23 13:22:15] [LUA] 0	
[06/03/23 13:22:15] [LUA] 0	
[06/03/23 13:22:16] [LUA] 0	
[06/03/23 13:22:16] [LUA] 0	
[06/03/23 13:22:17] [LUA] 0	
[06/03/23 13:22:17] [LUA] 0	
[06/03/23 13:22:18] [LUA] 0	
[06/03/23 13:22:18] [LUA] 0	
[06/03/23 13:22:19] [LUA] 0	
[06/03/23 13:22:19] [LUA] 0	
[06/03/23 13:22:20] [LUA] 0	
[06/03/23 13:22:20] [LUA] 0	
[06/03/23 13:22:21] [LUA] 0	
[06/03/23 13:22:21] [LUA] 0	
[06/03/23 13:22:22] [LUA] 0	
[06/03/23 13:22:22] [LUA] 0	
[06/03/23 13:22:23] [LUA] 0	
[06/03/23 13:22:23] [LUA] 0	
[06/03/23 13:22:24] [LUA] 0	
[06/03/23 13:22:24] [LUA] 0	
[06/03/23 13:22:25] [LUA] 0	
[06/03/23 13:22:25] [LUA] 0	
[06/03/23 13:22:26] [LUA] 0	
[06/03/23 13:22:26] [LUA] 0	
[06/03/23 13:22:27] [LUA] 0	
[06/03/23 13:22:27] [LUA] 0	
[06/03/23 13:22:28] [LUA] 0	
[06/03/23 13:22:28] [LUA] 0	
[06/03/23 13:22:29] [LUA] 0	
[06/03/23 13:22:29] [LUA] 0	
[06/03/23 13:22:30] [LUA] 0	
[06/03/23 13:22:30] [LUA] 0	
[06/03/23 13:22:31] [LUA] 0	
[06/03/23 13:22:31] [LUA] 0	
[06/03/23 13:22:32] [LUA] 0	
[06/03/23 13:22:32] [LUA] 0	
[06/03/23 13:22:33] [LUA] 0	
[06/03/23 13:22:33] [LUA] 0	
[06/03/23 13:22:34] [LUA] 0	
[06/03/23 13:22:34] [LUA] 0	
[06/03/23 13:22:35] [LUA] 0	
[06/03/23 13:22:35] [LUA] 0	
[06/03/23 13:22:36] [LUA] 0	
[06/03/23 13:22:36] [LUA] 0	
[06/03/23 13:22:37] [LUA] 0	
[06/03/23 13:22:37] [LUA] 0	
[06/03/23 13:22:38] [LUA] 0	
[06/03/23 13:22:38] [LUA] 0	
[06/03/23 13:22:39] [LUA] 0	
[06/03/23 13:22:39] [LUA] 0	
[06/03/23 13:22:40] [LUA] 0	
[06/03/23 13:22:40] [LUA] 0	
[06/03/23 13:22:41] [LUA] 0	
[06/03/23 13:22:41] [LUA] 0	
[06/03/23 13:22:42] [LUA] 0	
[06/03/23 13:22:42] [LUA] 0	
[06/03/23 13:22:43] [LUA] 0	
[06/03/23 13:22:43] [LUA] 0	
[06/03/23 13:22:44] [LUA] 0	
[06/03/23 13:22:44] [LUA] 0	
[06/03/23 13:22:45] [LUA] 0	
[06/03/23 13:22:45] [LUA] 0	
[06/03/23 13:22:46] [LUA] 0	
[06/03/23 13:22:46] [LUA] 0	
[06/03/23 13:22:47] [LUA] 0	
[06/03/23 13:22:47] [LUA] 0	
[06/03/23 13:22:48] [LUA] 0	
[06/03/23 13:22:48] [LUA] 0	
[06/03/23 13:22:49] [LUA] 0	
[06/03/23 13:22:49] [LUA] 0	
[06/03/23 13:22:50] [LUA] 0	
[06/03/23 13:22:50] [LUA] 0	
[06/03/23 13:22:51] [LUA] 0	
[06/03/23 13:22:51] [LUA] 0	
[06/03/23 13:22:52] [LUA] 0	
[06/03/23 13:22:52] [LUA] 0	
[06/03/23 13:22:53] [LUA] 0	
[06/03/23 13:22:53] [LUA] 0	
[06/03/23 13:22:54] [LUA] 0	
[06/03/23 13:22:54] [LUA] 0	
[06/03/23 13:22:55] [LUA] 0	
[06/03/23 13:22:55] [LUA] 0	
[06/03/23 13:22:56] [LUA] 0	
[06/03/23 13:22:56] [LUA] 0	
[06/03/23 13:22:57] [LUA] 0	
[06/03/23 13:22:57] [LUA] 0	
[06/03/23 13:22:58] [LUA] 0	
[06/03/23 13:22:58] [LUA] 0	
[06/03/23 13:22:59] [LUA] 0	
[06/03/23 13:22:59] [LUA] 0	
[06/03/23 13:23:00] [LUA] 0	
[06/03/23 13:23:00] [LUA] 0	
[06/03/23 13:23:01] [LUA] 0	
[06/03/23 13:23:01] [LUA] 0	
[06/03/23 13:23:02] [LUA] 0	
[06/03/23 13:23:02] [LUA] 0	
[06/03/23 13:23:03] [LUA] 0	
[06/03/23 13:23:03] [LUA] 0	
[06/03/23 13:23:04] [LUA] 0	
[06/03/23 13:23:04] [LUA] 0	
[06/03/23 13:23:05] [LUA] 0	
[06/03/23 13:23:05] [LUA] 0	
[06/03/23 13:23:06] [LUA] 0	
[06/03/23 13:23:06] [LUA] 0	
[06/03/23 13:23:07] [LUA] 0	
[06/03/23 13:23:07] [LUA] 0	
[06/03/23 13:23:08] [LUA] 0	
[06/03/23 13:23:08] [LUA] 0	
[06/03/23 13:23:09] [LUA] 0	
[06/03/23 13:23:09] [LUA] 0	
[06/03/23 13:23:10] [LUA] 0	
[06/03/23 13:23:10] [LUA] 0	
[06/03/23 13:23:11] [LUA] 0	
[06/03/23 13:23:11] [LUA] 0	
[06/03/23 13:23:12] [LUA] 0	
[06/03/23 13:23:12] [LUA] 0	
[06/03/23 13:23:13] [LUA] 0	
[06/03/23 13:23:13] [LUA] 0	
[06/03/23 13:23:14] [LUA] 0	
[06/03/23 13:23:14] [LUA] 0	
[06/03/23 13:23:15] [LUA] 0	
[06/03/23 13:23:15] [LUA] 0	
[06/03/23 13:23:16] [LUA] 0	
[06/03/23 13:23:16] [LUA] 0	
[06/03/23 13:23:17] [LUA] 0	
[06/03/23 13:23:18] [LUA] 0	
[06/03/23 13:23:18] [LUA] 0	
[06/03/23 13:23:19] [LUA] 0	
[06/03/23 13:23:19] [LUA] 0	
[06/03/23 13:23:20] [LUA] 0	
[06/03/23 13:23:20] [LUA] 0	
[06/03/23 13:23:21] [LUA] 0	
[06/03/23 13:23:21] [LUA] 0	
[06/03/23 13:23:22] [LUA] 0	
[06/03/23 13:23:22] [LUA] 0	
[06/03/23 13:23:23] [LUA] 0	
[06/03/23 13:23:23] [LUA] 0	
[06/03/23 13:23:24] [LUA] 0	
[06/03/23 13:23:24] [LUA] 0	
[06/03/23 13:23:25] [LUA] 0	
[06/03/23 13:23:25] [LUA] 0	
[06/03/23 13:23:26] [LUA] 0	
[06/03/23 13:23:26] [LUA] 0	
[06/03/23 13:23:27] [LUA] 0	
[06/03/23 13:23:27] [LUA] 0	
[06/03/23 13:23:28] [LUA] 0	
[06/03/23 13:23:28] [LUA] 0	
[06/03/23 13:23:29] [LUA] 0	
[06/03/23 13:23:29] [LUA] 0	
[06/03/23 13:23:30] [LUA] 0	
[06/03/23 13:23:30] [LUA] 0	
[06/03/23 13:23:31] [LUA] 0	
[06/03/23 13:23:31] [LUA] 0	
[06/03/23 13:23:32] [LUA] 0	
[06/03/23 13:23:32] [LUA] 0	
[06/03/23 13:23:33] [LUA] 0	
[06/03/23 13:23:33] [LUA] 0	
[06/03/23 13:23:34] [LUA] 0	
[06/03/23 13:23:34] [LUA] 0	
[06/03/23 13:23:35] [LUA] 0	
[06/03/23 13:23:35] [LUA] 0	
[06/03/23 13:23:36] [LUA] 0	
[06/03/23 13:23:36] [LUA] 0	
[06/03/23 13:23:37] [LUA] 0	
[06/03/23 13:23:37] [LUA] 0	
[06/03/23 13:23:38] [LUA] 0	
[06/03/23 13:23:38] [LUA] 0	
[06/03/23 13:23:39] [LUA] 0	
[06/03/23 13:23:39] [LUA] 0	
[06/03/23 13:23:40] [LUA] 0	
[06/03/23 13:23:40] [LUA] 0	
[06/03/23 13:23:41] [LUA] 0	
[06/03/23 13:23:41] [LUA] 0	
[06/03/23 13:23:42] [LUA] 0	
[06/03/23 13:23:42] [LUA] 0	
[06/03/23 13:23:43] [LUA] 0	
[06/03/23 13:23:43] [LUA] 0	
[06/03/23 13:23:44] [LUA] 0	
[06/03/23 13:23:44] [LUA] 0	
[06/03/23 13:23:45] [LUA] 0	
[06/03/23 13:23:45] [LUA] 0	
[06/03/23 13:23:46] [LUA] 0	
[06/03/23 13:23:46] [LUA] 0	
[06/03/23 13:23:47] [LUA] 0	
[06/03/23 13:23:47] [LUA] 0	
[06/03/23 13:23:48] [LUA] 0	
[06/03/23 13:23:48] [LUA] 0	
[06/03/23 13:23:49] [LUA] 0	
[06/03/23 13:23:49] [LUA] 0	
[06/03/23 13:23:50] [LUA] 0	
[06/03/23 13:23:50] [LUA] 0	
[06/03/23 13:23:51] [LUA] 0	
[06/03/23 13:23:51] [LUA] 0	
[06/03/23 13:23:52] [LUA] 0	
[06/03/23 13:23:52] [LUA] 0	
[06/03/23 13:23:53] [LUA] 0	
[06/03/23 13:23:53] [LUA] 0	
[06/03/23 13:23:54] [LUA] 0	
[06/03/23 13:23:54] [LUA] 0	
[06/03/23 13:23:55] [LUA] 0	
[06/03/23 13:23:55] [LUA] 0	
[06/03/23 13:23:56] [LUA] 0	
[06/03/23 13:23:56] [LUA] 0	
[06/03/23 13:23:57] [LUA] 0	
[06/03/23 13:23:57] [LUA] 0	
[06/03/23 13:23:58] [LUA] 0	
[06/03/23 13:23:58] [LUA] 0	
[06/03/23 13:23:59] [LUA] 0	
[06/03/23 13:23:59] [LUA] 0	
[06/03/23 13:24:00] [LUA] 0	
[06/03/23 13:24:00] [LUA] 0	
[06/03/23 13:24:01] [LUA] 0	
[06/03/23 13:24:01] [LUA] 0	
[06/03/23 13:24:02] [LUA] 0	
[06/03/23 13:24:02] [LUA] 0	
[06/03/23 13:24:03] [LUA] 0	
[06/03/23 13:24:03] [LUA] 0	
[06/03/23 13:24:04] [LUA] 0	
[06/03/23 13:24:04] [LUA] 0	
[06/03/23 13:24:05] [LUA] 0	
[06/03/23 13:24:05] [LUA] 0	
[06/03/23 13:24:06] [LUA] 0	
[06/03/23 13:24:06] [LUA] 0	
[06/03/23 13:24:07] [LUA] 0	
[06/03/23 13:24:07] [LUA] 0	
[06/03/23 13:24:08] [LUA] 0	
[06/03/23 13:24:08] [LUA] 0	
[06/03/23 13:24:09] [LUA] 0	
[06/03/23 13:24:09] [LUA] 0	
[06/03/23 13:24:10] [LUA] 0	
[06/03/23 13:24:10] [LUA] 0	
[06/03/23 13:24:11] [LUA] 0	
[06/03/23 13:24:11] [LUA] 0	
[06/03/23 13:24:12] [LUA] 0	
[06/03/23 13:24:12] [LUA] 0	
[06/03/23 13:24:13] [LUA] 0	
[06/03/23 13:24:13] [LUA] 0	
[06/03/23 13:24:14] [LUA] 0	
[06/03/23 13:24:14] [LUA] 0	
[06/03/23 13:24:15] [LUA] 0	
[06/03/23 13:24:15] [LUA] 0	
[06/03/23 13:24:16] [LUA] 0	
[06/03/23 13:24:16] [LUA] 0	
[06/03/23 13:24:17] [LUA] 0	
[06/03/23 13:24:17] [LUA] 0	
[06/03/23 13:24:18] [LUA] 0	
[06/03/23 13:24:18] [LUA] 0	
[06/03/23 13:24:19] [LUA] 0	
[06/03/23 13:24:19] [LUA] 0	
[06/03/23 13:24:20] [LUA] 0	
[06/03/23 13:24:20] [LUA] 0	
[06/03/23 13:24:21] [LUA] 0	
[06/03/23 13:24:21] [LUA] 0	
[06/03/23 13:24:22] [LUA] 0	
[06/03/23 13:24:22] [LUA] 0	
[06/03/23 13:24:23] [LUA] 0	
[06/03/23 13:24:23] [LUA] 0	
[06/03/23 13:24:24] [LUA] 0	
[06/03/23 13:24:24] [LUA] 0	
[06/03/23 13:24:25] [LUA] 0	
[06/03/23 13:24:25] [LUA] 0	
[06/03/23 13:24:26] [LUA] 0	
[06/03/23 13:24:26] [LUA] 0	
[06/03/23 13:24:27] [LUA] 0	
[06/03/23 13:24:27] [LUA] 0	
[06/03/23 13:24:28] [LUA] 0	
[06/03/23 13:24:28] [LUA] 0	
[06/03/23 13:24:29] [LUA] 0	
[06/03/23 13:24:29] [LUA] 0	
[06/03/23 13:24:30] [LUA] 0	
[06/03/23 13:24:30] [LUA] 0	
[06/03/23 13:24:31] [LUA] 0	
[06/03/23 13:24:31] [LUA] 0	
[06/03/23 13:24:32] [LUA] 0	
[06/03/23 13:24:32] [LUA] 0	
[06/03/23 13:24:33] [LUA] 0	
[06/03/23 13:24:33] [LUA] 0	
[06/03/23 13:24:34] [LUA] 0	
[06/03/23 13:24:34] [LUA] 0	
[06/03/23 13:24:35] [LUA] 0	
[06/03/23 13:24:35] [LUA] 0	
[06/03/23 13:24:36] [LUA] 0	
[06/03/23 13:24:36] [LUA] 0	
[06/03/23 13:24:37] [LUA] 0	
[06/03/23 13:24:37] [LUA] 0	
[06/03/23 13:24:38] [LUA] 0	
[06/03/23 13:24:38] [LUA] 0	
[06/03/23 13:24:39] [LUA] 0	
[06/03/23 13:24:39] [LUA] 0	
[06/03/23 13:24:40] [LUA] 0	
[06/03/23 13:24:40] [LUA] 0	
[06/03/23 13:24:41] [LUA] 0	
[06/03/23 13:24:41] [LUA] 0	
[06/03/23 13:24:42] [LUA] 0	
[06/03/23 13:24:42] [LUA] 0	
[06/03/23 13:24:43] [LUA] 0	
[06/03/23 13:24:43] [LUA] 0	
[06/03/23 13:24:44] [LUA] 0	
[06/03/23 13:24:45] [LUA] 0	
[06/03/23 13:24:45] [LUA] 0	
[06/03/23 13:24:46] [LUA] 0	
[06/03/23 13:24:46] [LUA] 0	
[06/03/23 13:24:47] [LUA] 0	
[06/03/23 13:24:47] [LUA] 0	
[06/03/23 13:24:48] [LUA] 0	
[06/03/23 13:24:48] [LUA] 0	
[06/03/23 13:24:49] [LUA] 0	
[06/03/23 13:24:49] [LUA] 0	
[06/03/23 13:24:50] [LUA] 0	
[06/03/23 13:24:50] [LUA] 0	
[06/03/23 13:24:51] [LUA] 0	
[06/03/23 13:24:51] [LUA] 0	
[06/03/23 13:24:52] [LUA] 0	
[06/03/23 13:24:52] [LUA] 0	
[06/03/23 13:24:53] [LUA] 0	
[06/03/23 13:24:53] [LUA] 0	
[06/03/23 13:24:54] [LUA] 0	
[06/03/23 13:24:54] [LUA] 0	
[06/03/23 13:24:55] [LUA] 0	
[06/03/23 13:24:55] [LUA] 0	
[06/03/23 13:24:56] [LUA] 0	
[06/03/23 13:24:56] [LUA] 0	
[06/03/23 13:24:57] [LUA] 0	
[06/03/23 13:24:57] [LUA] 0	
[06/03/23 13:24:58] [LUA] 0	
[06/03/23 13:24:58] [LUA] 0	
[06/03/23 13:24:59] [LUA] 0	
[06/03/23 13:24:59] [LUA] 0	
[06/03/23 13:25:00] [LUA] 0	
[06/03/23 13:25:00] [LUA] 0	
[06/03/23 13:25:01] [LUA] 0	
[06/03/23 13:25:01] [LUA] 0	
[06/03/23 13:25:02] [LUA] 0	
[06/03/23 13:25:02] [LUA] 0	
[06/03/23 13:25:03] [INFO] File "Resources\Server\FlyDetector\main.lua" changed, reloading
[06/03/23 13:32:03] [INFO] Client kicked: You were kicked for going too fast!
[06/03/23 13:32:03] [INFO] YoloWeirdo Connection Terminated
