[06/03/23 13:06:17] [INFO] BeamMP Server v3.1.1
[06/03/23 13:06:17] [INFO] Sentry started! Reporting errors automatically. This sends data to the developers in case of errors and crashes. You can learn more, turn this message off or opt-out of this in the ServerConfig.toml.
[06/03/23 13:06:17] [INFO] Vehicle data network online on port 30814 with a Max of 8 Clients
[06/03/23 13:06:17] [INFO] Vehicle event network online
[06/03/23 13:06:17] [INFO] Server up-to-date!
[06/03/23 13:06:17] [INFO] PluginMonitor started
[06/03/23 13:06:23] [INFO] ALL SYSTEMS STARTED SUCCESSFULLY, EVERYTHING IS OKAY
[06/03/23 13:06:35] [INFO] Identifying new ClientConnection...
[06/03/23 13:06:35] [INFO] Identification success
[06/03/23 13:06:35] [INFO] Client connected
[06/03/23 13:06:35] [INFO] Assigned ID 0 to YoloWeirdo
[06/03/23 13:06:35] [INFO] YoloWeirdo : Connected
[06/03/23 13:06:44] [INFO] YoloWeirdo is now synced!
[06/03/23 13:07:09] [CHAT] <Server> (to "YoloWeirdo")You're going too fast! Slow down!
[06/03/23 13:07:10] [CHAT] <Server> (to "YoloWeirdo")You're going too fast! Slow down!
[06/03/23 13:07:11] [CHAT] <Server> (to "YoloWeirdo")You're going too fast! Slow down!
[06/03/23 13:07:12] [CHAT] <Server> (to "YoloWeirdo")You're going too fast! Slow down!
[06/03/23 13:07:13] [CHAT] <Server> (to "YoloWeirdo")You're going too fast! Slow down!
[06/03/23 13:07:14] [CHAT] <Server> (to "YoloWeirdo")You're going too fast! Slow down!
[06/03/23 13:07:15] [CHAT] <Server> (to "YoloWeirdo")You're going too fast! Slow down!
[06/03/23 13:07:16] [INFO] Client kicked: You were kicked for going too fast!
[06/03/23 13:07:16] [CHAT] <Server> (to "YoloWeirdo")You're going too fast! Slow down!
[06/03/23 13:07:16] [ERROR] Failed to send chat message back to sender (id 0) - did the sender disconnect?
[06/03/23 13:07:16] [INFO] YoloWeirdo Connection Terminated
[06/03/23 13:09:45] [INFO] File "Resources\Server\FlyDetector\main.lua" changed, reloading
[06/03/23 13:09:49] [INFO] Identifying new ClientConnection...
[06/03/23 13:09:49] [INFO] Identification success
[06/03/23 13:09:49] [INFO] Client connected
[06/03/23 13:09:49] [INFO] Assigned ID 0 to YoloWeirdo
[06/03/23 13:09:49] [INFO] YoloWeirdo : Connected
[06/03/23 13:09:59] [INFO] YoloWeirdo is now synced!
[06/03/23 13:10:33] [CHAT] <Server> (to "YoloWeirdo")You're going too fast! Slow down!
[06/03/23 13:10:33] [CHAT] <Server> (to "YoloWeirdo")You're going too fast! Slow down!
[06/03/23 13:10:34] [CHAT] <Server> (to "YoloWeirdo")You're going too fast! Slow down!
[06/03/23 13:10:34] [CHAT] <Server> (to "YoloWeirdo")You're going too fast! Slow down!
[06/03/23 13:10:36] [CHAT] <Server> (to "YoloWeirdo")You're going too fast! Slow down!
[06/03/23 13:10:36] [CHAT] <Server> (to "YoloWeirdo")You're going too fast! Slow down!
[06/03/23 13:10:37] [CHAT] <Server> (to "YoloWeirdo")You're going too fast! Slow down!
[06/03/23 13:10:37] [CHAT] <Server> (to "YoloWeirdo")You're going too fast! Slow down!
[06/03/23 13:10:38] [CHAT] <Server> (to "YoloWeirdo")You're going too fast! Slow down!
[06/03/23 13:10:38] [CHAT] <Server> (to "YoloWeirdo")You're going too fast! Slow down!
[06/03/23 13:10:39] [CHAT] <Server> (to "YoloWeirdo")You're going too fast! Slow down!
[06/03/23 13:10:39] [CHAT] <Server> (to "YoloWeirdo")You're going too fast! Slow down!
[06/03/23 13:10:40] [CHAT] <Server> (to "YoloWeirdo")You're going too fast! Slow down!
[06/03/23 13:10:40] [CHAT] <Server> (to "YoloWeirdo")You're going too fast! Slow down!
[06/03/23 13:10:55] [CHAT] <Server> (to "YoloWeirdo")You're going too fast! Slow down!
[06/03/23 13:10:55] [CHAT] <Server> (to "YoloWeirdo")You're going too fast! Slow down!
[06/03/23 13:10:56] [CHAT] <Server> (to "YoloWeirdo")You're going too fast! Slow down!
[06/03/23 13:10:56] [CHAT] <Server> (to "YoloWeirdo")You're going too fast! Slow down!
[06/03/23 13:10:57] [CHAT] <Server> (to "YoloWeirdo")You're going too fast! Slow down!
[06/03/23 13:10:57] [CHAT] <Server> (to "YoloWeirdo")You're going too fast! Slow down!
[06/03/23 13:11:52] [CHAT] <Server> (to "YoloWeirdo")You're going too fast! Slow down!
[06/03/23 13:11:52] [CHAT] <Server> (to "YoloWeirdo")You're going too fast! Slow down!
[06/03/23 13:11:53] [CHAT] <Server> (to "YoloWeirdo")You're going too fast! Slow down!
[06/03/23 13:11:53] [CHAT] <Server> (to "YoloWeirdo")You're going too fast! Slow down!
[06/03/23 13:11:54] [CHAT] <Server> (to "YoloWeirdo")You're going too fast! Slow down!
[06/03/23 13:11:54] [CHAT] <Server> (to "YoloWeirdo")You're going too fast! Slow down!
[06/03/23 13:12:25] [INFO] File "Resources\Server\FlyDetector\main.lua" changed, reloading
[06/03/23 13:12:25] [LUA] 0	
[06/03/23 13:12:25] [LUA] 0	
[06/03/23 13:12:25] [LUA] 0	
[06/03/23 13:12:25] [LUA] 0	
[06/03/23 13:12:25] [LUA] 0	
[06/03/23 13:12:25] [LUA] 0	
[06/03/23 13:12:26] [LUA] 0	
[06/03/23 13:12:26] [LUA] 0	
[06/03/23 13:12:26] [LUA] 0	
[06/03/23 13:12:26] [LUA] 0	
[06/03/23 13:12:26] [LUA] 0	
[06/03/23 13:12:26] [LUA] 0	
[06/03/23 13:12:26] [LUA] 0	
[06/03/23 13:12:26] [LUA] 0	
[06/03/23 13:12:26] [LUA] 0	
[06/03/23 13:12:27] [LUA] 0	
[06/03/23 13:12:27] [LUA] 0	
[06/03/23 13:12:27] [LUA] 0	
[06/03/23 13:12:27] [LUA] 0	
[06/03/23 13:12:27] [LUA] 0	
[06/03/23 13:12:27] [LUA] 0	
[06/03/23 13:12:27] [LUA] 0	
[06/03/23 13:12:27] [LUA] 0	
[06/03/23 13:12:27] [LUA] 0	
[06/03/23 13:12:28] [LUA] 0	
[06/03/23 13:12:28] [LUA] 0	
[06/03/23 13:12:28] [LUA] 0	
[06/03/23 13:12:28] [LUA] 0	
[06/03/23 13:12:28] [LUA] 0	
[06/03/23 13:12:28] [LUA] 0	
[06/03/23 13:12:28] [LUA] 0	
[06/03/23 13:12:28] [LUA] 0	
[06/03/23 13:12:28] [LUA] 0	
[06/03/23 13:12:29] [LUA] 0	
[06/03/23 13:12:29] [LUA] 0	
[06/03/23 13:12:29] [LUA] 0	
[06/03/23 13:12:29] [LUA] 0	
[06/03/23 13:12:29] [LUA] 0	
[06/03/23 13:12:29] [LUA] 0	
[06/03/23 13:12:29] [LUA] 0	
[06/03/23 13:12:29] [LUA] 0	
[06/03/23 13:12:29] [LUA] 0	
[06/03/23 13:12:30] [LUA] 0	
[06/03/23 13:12:30] [LUA] 0	
[06/03/23 13:12:30] [LUA] 0	
[06/03/23 13:12:30] [LUA] 0	
[06/03/23 13:12:30] [LUA] 0	
[06/03/23 13:12:30] [LUA] 0	
[06/03/23 13:12:30] [LUA] 0	
[06/03/23 13:12:30] [LUA] 0	
[06/03/23 13:12:30] [LUA] 0	
[06/03/23 13:12:31] [LUA] 0	
[06/03/23 13:12:31] [LUA] 0	
[06/03/23 13:12:31] [LUA] 0	
[06/03/23 13:12:31] [LUA] 0	
[06/03/23 13:12:31] [LUA] 0	
[06/03/23 13:12:31] [LUA] 0	
[06/03/23 13:12:31] [LUA] 0	
[06/03/23 13:12:31] [LUA] 0	
[06/03/23 13:12:31] [LUA] 0	
[06/03/23 13:12:32] [LUA] 0	
[06/03/23 13:12:32] [LUA] 0	
[06/03/23 13:12:32] [LUA] 0	
[06/03/23 13:12:32] [LUA] 0	
[06/03/23 13:12:32] [LUA] 0	
[06/03/23 13:12:32] [LUA] 0	
[06/03/23 13:12:32] [LUA] 0	
[06/03/23 13:12:32] [LUA] 0	
[06/03/23 13:12:32] [LUA] 0	
[06/03/23 13:12:33] [LUA] 0	
[06/03/23 13:12:33] [LUA] 0	
[06/03/23 13:12:33] [LUA] 0	
[06/03/23 13:12:33] [LUA] 0	
[06/03/23 13:12:33] [LUA] 0	
[06/03/23 13:12:33] [LUA] 0	
[06/03/23 13:12:33] [LUA] 0	
[06/03/23 13:12:33] [LUA] 0	
[06/03/23 13:12:33] [LUA] 0	
[06/03/23 13:12:34] [LUA] 0	
[06/03/23 13:12:34] [LUA] 0	
[06/03/23 13:12:34] [LUA] 0	
[06/03/23 13:12:34] [LUA] 0	
[06/03/23 13:12:34] [LUA] 0	
[06/03/23 13:12:34] [LUA] 0	
[06/03/23 13:12:34] [LUA] 0	
[06/03/23 13:12:34] [LUA] 0	
[06/03/23 13:12:34] [LUA] 0	
[06/03/23 13:12:35] [LUA] 0	
[06/03/23 13:12:35] [LUA] 0	
[06/03/23 13:12:35] [LUA] 0	
[06/03/23 13:12:35] [LUA] 0	
[06/03/23 13:12:35] [LUA] 0	
[06/03/23 13:12:35] [LUA] 0	
[06/03/23 13:12:35] [LUA] 0	
[06/03/23 13:12:35] [LUA] 0	
[06/03/23 13:12:35] [LUA] 0	
[06/03/23 13:12:36] [LUA] 0	
[06/03/23 13:12:36] [LUA] 0	
[06/03/23 13:12:36] [LUA] 0	
[06/03/23 13:12:36] [LUA] 0	
[06/03/23 13:12:36] [LUA] 0	
[06/03/23 13:12:36] [LUA] 0	
[06/03/23 13:12:36] [LUA] 0	
[06/03/23 13:12:36] [LUA] 0	
[06/03/23 13:12:36] [LUA] 0	
[06/03/23 13:12:37] [LUA] 0	
[06/03/23 13:12:37] [LUA] 0	
[06/03/23 13:12:37] [LUA] 0	
[06/03/23 13:12:37] [LUA] 0	
[06/03/23 13:12:37] [LUA] 0	
[06/03/23 13:12:37] [LUA] 0	
[06/03/23 13:12:37] [LUA] 0	
[06/03/23 13:12:37] [LUA] 0	
[06/03/23 13:12:37] [LUA] 0	
[06/03/23 13:12:38] [LUA] 0	
[06/03/23 13:12:38] [LUA] 0	
[06/03/23 13:12:38] [LUA] 0	
[06/03/23 13:12:38] [LUA] 0	
[06/03/23 13:12:38] [LUA] 0	
[06/03/23 13:12:38] [LUA] 0	
[06/03/23 13:12:38] [LUA] 0	
[06/03/23 13:12:38] [LUA] 0	
[06/03/23 13:12:38] [LUA] 0	
[06/03/23 13:12:39] [LUA] 0	
[06/03/23 13:12:39] [LUA] 0	
[06/03/23 13:12:39] [LUA] 0	
[06/03/23 13:12:39] [LUA] 0	
[06/03/23 13:12:39] [LUA] 0	
[06/03/23 13:12:39] [LUA] 0	
[06/03/23 13:12:39] [LUA] 0	
[06/03/23 13:12:39] [LUA] 0	
[06/03/23 13:12:39] [LUA] 0	
[06/03/23 13:12:40] [LUA] 0	
[06/03/23 13:12:40] [LUA] 0	
[06/03/23 13:12:40] [LUA] 0	
[06/03/23 13:12:40] [LUA] 0	
[06/03/23 13:12:40] [LUA] 0	
[06/03/23 13:12:40] [LUA] 0	
[06/03/23 13:12:40] [LUA] 0	
[06/03/23 13:12:40] [LUA] 0	
[06/03/23 13:12:40] [LUA] 0	
[06/03/23 13:12:41] [LUA] 0	
[06/03/23 13:12:41] [LUA] 0	
[06/03/23 13:12:41] [LUA] 0	
[06/03/23 13:12:41] [LUA] 0	
[06/03/23 13:12:41] [LUA] 0	
[06/03/23 13:12:41] [LUA] 0	
[06/03/23 13:12:41] [LUA] 0	
[06/03/23 13:12:41] [LUA] 0	
[06/03/23 13:12:41] [LUA] 0	
[06/03/23 13:12:42] [LUA] 0	
[06/03/23 13:12:42] [LUA] 0	
[06/03/23 13:12:42] [LUA] 0	
[06/03/23 13:12:42] [LUA] 0	
[06/03/23 13:12:42] [LUA] 0	
[06/03/23 13:12:42] [LUA] 0	
[06/03/23 13:12:42] [LUA] 0	
[06/03/23 13:12:42] [LUA] 0	
[06/03/23 13:12:42] [LUA] 0	
[06/03/23 13:12:43] [LUA] 0	
[06/03/23 13:12:43] [LUA] 0	
[06/03/23 13:12:43] [LUA] 0	
[06/03/23 13:12:43] [LUA] 0	
[06/03/23 13:12:43] [LUA] 0	
[06/03/23 13:12:43] [LUA] 0	
[06/03/23 13:12:44] [LUA] 0	
[06/03/23 13:12:44] [LUA] 0	
[06/03/23 13:12:44] [LUA] 0	
[06/03/23 13:12:44] [LUA] 0	
[06/03/23 13:12:44] [LUA] 0	
[06/03/23 13:12:44] [LUA] 0	
[06/03/23 13:12:44] [LUA] 0	
[06/03/23 13:12:44] [LUA] 0	
[06/03/23 13:12:44] [LUA] 0	
[06/03/23 13:12:45] [LUA] 0	
[06/03/23 13:12:45] [LUA] 0	
[06/03/23 13:12:45] [LUA] 0	
[06/03/23 13:12:45] [LUA] 0	
[06/03/23 13:12:45] [LUA] 0	
[06/03/23 13:12:45] [LUA] 0	
[06/03/23 13:12:45] [LUA] 0	
[06/03/23 13:12:45] [LUA] 0	
[06/03/23 13:12:45] [LUA] 0	
[06/03/23 13:12:46] [LUA] 0	
[06/03/23 13:12:46] [LUA] 0	
[06/03/23 13:12:46] [LUA] 0	
[06/03/23 13:12:46] [LUA] 0	
[06/03/23 13:12:46] [LUA] 0	
[06/03/23 13:12:46] [LUA] 0	
[06/03/23 13:12:47] [LUA] 0	
[06/03/23 13:12:47] [LUA] 0	
[06/03/23 13:12:47] [LUA] 0	
[06/03/23 13:12:47] [LUA] 0	
[06/03/23 13:12:47] [LUA] 0	
[06/03/23 13:12:47] [LUA] 0	
[06/03/23 13:12:47] [LUA] 0	
[06/03/23 13:12:47] [LUA] 0	
[06/03/23 13:12:47] [LUA] 0	
[06/03/23 13:12:48] [LUA] 0	
[06/03/23 13:12:48] [LUA] 0	
[06/03/23 13:12:48] [LUA] 0	
[06/03/23 13:12:48] [LUA] 0	
[06/03/23 13:12:48] [LUA] 0	
[06/03/23 13:12:48] [LUA] 0	
[06/03/23 13:12:48] [LUA] 0	
[06/03/23 13:12:48] [LUA] 0	
[06/03/23 13:12:48] [LUA] 0	
[06/03/23 13:12:49] [LUA] 0	
[06/03/23 13:12:49] [LUA] 0	
[06/03/23 13:12:49] [LUA] 0	
[06/03/23 13:12:49] [LUA] 0	
[06/03/23 13:12:49] [LUA] 0	
[06/03/23 13:12:49] [LUA] 0	
[06/03/23 13:12:49] [LUA] 0	
[06/03/23 13:12:49] [LUA] 0	
[06/03/23 13:12:49] [LUA] 0	
[06/03/23 13:12:50] [LUA] 0	
[06/03/23 13:12:50] [LUA] 0	
[06/03/23 13:12:50] [LUA] 0	
[06/03/23 13:12:50] [LUA] 0	
[06/03/23 13:12:50] [LUA] 0	
[06/03/23 13:12:50] [LUA] 0	
[06/03/23 13:12:50] [LUA] 0	
[06/03/23 13:12:50] [LUA] 0	
[06/03/23 13:12:50] [LUA] 0	
[06/03/23 13:12:51] [LUA] 0	
[06/03/23 13:12:51] [LUA] 0	
[06/03/23 13:12:51] [LUA] 0	
[06/03/23 13:12:51] [LUA] 0	
[06/03/23 13:12:51] [LUA] 0	
[06/03/23 13:12:51] [LUA] 0	
[06/03/23 13:12:51] [LUA] 0	
[06/03/23 13:12:51] [LUA] 0	
[06/03/23 13:12:51] [LUA] 0	
[06/03/23 13:12:52] [LUA] 0	
[06/03/23 13:12:52] [LUA] 0	
[06/03/23 13:12:52] [LUA] 0	
[06/03/23 13:12:52] [LUA] 0	
[06/03/23 13:12:52] [LUA] 0	
[06/03/23 13:12:52] [LUA] 0	
[06/03/23 13:12:52] [LUA] 0	
[06/03/23 13:12:52] [LUA] 0	
[06/03/23 13:12:52] [LUA] 0	
[06/03/23 13:12:52] [INFO] File "Resources\Server\FlyDetector\main.lua" changed, reloading
[06/03/23 13:12:53] [LUA] 0	
[06/03/23 13:12:53] [LUA] 0	
[06/03/23 13:12:53] [LUA] 0	
